<?xml version="1.0" encoding="UTF-8"?>
<!-- Generated by org.testng.reporters.JUnitReportReporter -->
<testsuite skipped="0" hostname="Dev-1003" name="Academy.HomePage" tests="2" failures="0" timestamp="2022-01-24T12:43:10 IST" time="56.416" errors="0">
  <testcase name="basePageNavigation" time="51.993" classname="Academy.HomePage"/>
  <system-out/>
  <testcase name="basePageNavigation" time="4.423" classname="Academy.HomePage"/>
  <system-out/>
</testsuite> <!-- Academy.HomePage -->
